# JRE version: OpenJDK Runtime Environment Temurin-21.0.6+7 (21.0.6+7) (build 21.0.6+7-LTS)
# Java VM: OpenJDK 64-Bit Server VM Temurin-21.0.6+7 (21.0.6+7-LTS, mixed mode, sharing, tiered, compressed oops, compressed class ptrs, g1 gc, windows-amd64)
GC Precious Log:
 CardTable entry size: 512
 Card Set container configuration: InlinePtr #cards 5 size 8 Array Of Cards #cards 12 size 40 Howl #buckets 4 coarsen threshold 1843 Howl Bitmap #cards 512 size 80 coarsen threshold 460 Card regions per heap region 1 cards per card region 2048
 CPUs: 8 total, 8 available
 Memory: 6055M
 Large Page Support: Disabled
 NUMA Support: Disabled
 Compressed Oops: Enabled (32-bit)
 Heap Region Size: 1M
 Heap Min Capacity: 8M
 Heap Initial Capacity: 96M
 Heap Max Capacity: 1514M
 Pre-touch: Disabled
 Parallel Workers: 8
 Concurrent Workers: 2
 Concurrent Refinement Workers: 8
 Periodic GC: Disabled
Heap:
 garbage-first heap   total 61440K, used 39747K [0x00000000a1600000, 0x0000000100000000)
  region size 1024K, 14 young (14336K), 1 survivors (1024K)
 Metaspace       used 68619K, committed 69568K, reserved 1114112K
  class space    used 8674K, committed 9088K, reserved 1048576K
GC Heap History (20 events):
Event: 3116.989 GC heap before
{Heap before GC invocations=45 (full 7):
 garbage-first heap   total 61440K, used 51259K [0x00000000a1600000, 0x0000000100000000)
  region size 1024K, 26 young (26624K), 0 survivors (0K)
 Metaspace       used 68002K, committed 68736K, reserved 1114112K
  class space    used 8669K, committed 9088K, reserved 1048576K
}
Event: 3116.994 GC heap after
{Heap after GC invocations=46 (full 7):
 garbage-first heap   total 61440K, used 27651K [0x00000000a1600000, 0x0000000100000000)
  region size 1024K, 3 young (3072K), 3 survivors (3072K)
 Metaspace       used 68002K, committed 68736K, reserved 1114112K
  class space    used 8669K, committed 9088K, reserved 1048576K
}
Event: 3117.408 GC heap before
{Heap before GC invocations=47 (full 7):
 garbage-first heap   total 61440K, used 50179K [0x00000000a1600000, 0x0000000100000000)
  region size 1024K, 26 young (26624K), 3 survivors (3072K)
 Metaspace       used 68251K, committed 69056K, reserved 1114112K
  class space    used 8682K, committed 9088K, reserved 1048576K
}
Event: 3117.414 GC heap after
{Heap after GC invocations=48 (full 7):
 garbage-first heap   total 61440K, used 29858K [0x00000000a1600000, 0x0000000100000000)
  region size 1024K, 3 young (3072K), 3 survivors (3072K)
 Metaspace       used 68251K, committed 69056K, reserved 1114112K
  class space    used 8682K, committed 9088K, reserved 1048576K
}
Event: 3339.710 GC heap before
{Heap before GC invocations=48 (full 7):
 garbage-first heap   total 61440K, used 38050K [0x00000000a1600000, 0x0000000100000000)
  region size 1024K, 12 young (12288K), 3 survivors (3072K)
 Metaspace       used 68297K, committed 69056K, reserved 1114112K
  class space    used 8682K, committed 9088K, reserved 1048576K
}
Event: 3339.978 GC heap after
{Heap after GC invocations=49 (full 8):
 garbage-first heap   total 61440K, used 24801K [0x00000000a1600000, 0x0000000100000000)
  region size 1024K, 0 young (0K), 0 survivors (0K)
 Metaspace       used 68294K, committed 69056K, reserved 1114112K
  class space    used 8682K, committed 9088K, reserved 1048576K
}
Event: 3340.742 GC heap before
{Heap before GC invocations=49 (full 8):
 garbage-first heap   total 61440K, used 52449K [0x00000000a1600000, 0x0000000100000000)
  region size 1024K, 27 young (27648K), 0 survivors (0K)
 Metaspace       used 68344K, committed 69120K, reserved 1114112K
  class space    used 8683K, committed 9088K, reserved 1048576K
}
Event: 3340.753 GC heap after
{Heap after GC invocations=50 (full 8):
 garbage-first heap   total 61440K, used 27666K [0x00000000a1600000, 0x0000000100000000)
  region size 1024K, 3 young (3072K), 3 survivors (3072K)
 Metaspace       used 68344K, committed 69120K, reserved 1114112K
  class space    used 8683K, committed 9088K, reserved 1048576K
}
Event: 3341.409 GC heap before
{Heap before GC invocations=51 (full 8):
 garbage-first heap   total 61440K, used 51218K [0x00000000a1600000, 0x0000000100000000)
  region size 1024K, 27 young (27648K), 3 survivors (3072K)
 Metaspace       used 68610K, committed 69376K, reserved 1114112K
  class space    used 8695K, committed 9088K, reserved 1048576K
}
Event: 3341.418 GC heap after
{Heap after GC invocations=52 (full 8):
 garbage-first heap   total 61440K, used 28990K [0x00000000a1600000, 0x0000000100000000)
  region size 1024K, 2 young (2048K), 2 survivors (2048K)
 Metaspace       used 68610K, committed 69376K, reserved 1114112K
  class space    used 8695K, committed 9088K, reserved 1048576K
}
Event: 4824.669 GC heap before
{Heap before GC invocations=52 (full 8):
 garbage-first heap   total 61440K, used 52542K [0x00000000a1600000, 0x0000000100000000)
  region size 1024K, 25 young (25600K), 2 survivors (2048K)
 Metaspace       used 68634K, committed 69440K, reserved 1114112K
  class space    used 8695K, committed 9088K, reserved 1048576K
}
Event: 4824.740 GC heap after
{Heap after GC invocations=53 (full 8):
 garbage-first heap   total 61440K, used 29369K [0x00000000a1600000, 0x0000000100000000)
  region size 1024K, 3 young (3072K), 3 survivors (3072K)
 Metaspace       used 68634K, committed 69440K, reserved 1114112K
  class space    used 8695K, committed 9088K, reserved 1048576K
}
Event: 5767.855 GC heap before
{Heap before GC invocations=53 (full 8):
 garbage-first heap   total 61440K, used 52921K [0x00000000a1600000, 0x0000000100000000)
  region size 1024K, 26 young (26624K), 3 survivors (3072K)
 Metaspace       used 68664K, committed 69440K, reserved 1114112K
  class space    used 8695K, committed 9088K, reserved 1048576K
}
Event: 5767.960 GC heap after
{Heap after GC invocations=54 (full 8):
 garbage-first heap   total 61440K, used 30002K [0x00000000a1600000, 0x0000000100000000)
  region size 1024K, 1 young (1024K), 1 survivors (1024K)
 Metaspace       used 68664K, committed 69440K, reserved 1114112K
  class space    used 8695K, committed 9088K, reserved 1048576K
}
Event: 6789.299 GC heap before
{Heap before GC invocations=55 (full 8):
 garbage-first heap   total 61440K, used 54578K [0x00000000a1600000, 0x0000000100000000)
  region size 1024K, 25 young (25600K), 1 survivors (1024K)
 Metaspace       used 68489K, committed 69440K, reserved 1114112K
  class space    used 8671K, committed 9088K, reserved 1048576K
}
Event: 6789.346 GC heap after
{Heap after GC invocations=56 (full 8):
 garbage-first heap   total 61440K, used 30036K [0x00000000a1600000, 0x0000000100000000)
  region size 1024K, 1 young (1024K), 1 survivors (1024K)
 Metaspace       used 68489K, committed 69440K, reserved 1114112K
  class space    used 8671K, committed 9088K, reserved 1048576K
}
Event: 9284.183 GC heap before
{Heap before GC invocations=56 (full 8):
 garbage-first heap   total 61440K, used 55636K [0x00000000a1600000, 0x0000000100000000)
  region size 1024K, 26 young (26624K), 1 survivors (1024K)
 Metaspace       used 68559K, committed 69504K, reserved 1114112K
  class space    used 8675K, committed 9088K, reserved 1048576K
}
Event: 9284.246 GC heap after
{Heap after GC invocations=57 (full 8):
 garbage-first heap   total 61440K, used 27770K [0x00000000a1600000, 0x0000000100000000)
  region size 1024K, 2 young (2048K), 2 survivors (2048K)
 Metaspace       used 68559K, committed 69504K, reserved 1114112K
  class space    used 8675K, committed 9088K, reserved 1048576K
}
Event: 10476.501 GC heap before
{Heap before GC invocations=57 (full 8):
 garbage-first heap   total 61440K, used 54394K [0x00000000a1600000, 0x0000000100000000)
  region size 1024K, 28 young (28672K), 2 survivors (2048K)
 Metaspace       used 68587K, committed 69504K, reserved 1114112K
  class space    used 8675K, committed 9088K, reserved 1048576K
}
Event: 10476.576 GC heap after
{Heap after GC invocations=58 (full 8):
 garbage-first heap   total 61440K, used 27459K [0x00000000a1600000, 0x0000000100000000)
  region size 1024K, 1 young (1024K), 1 survivors (1024K)
 Metaspace       used 68587K, committed 69504K, reserved 1114112K
  class space    used 8675K, committed 9088K, reserved 1048576K
}

